Unity Editor version:    2023.2.16f1 (7f45223012db)
Branch:                  2023.2/staging
Build type:              Release
Batch mode:              YES
macOS version:           Version 14.0 (Build 23A344)
Darwin version:          23.0.0
Architecture:            arm64
Running under Rosetta:   NO
Available memory:        8192 MB
Using pre-set license
Pro License: YES

COMMAND LINE ARGUMENTS:
/Applications/Unity/Hub/Editor/2023.2.16f1/Unity.app/Contents/MacOS/Unity
-adb2
-batchMode
-noUpm
-name
AssetImportWorker4
-projectPath
/Users/leeroivillamiel/ARVRDEV_Courseware
-logFile
Logs/AssetImportWorker4.log
-srvPort
61719
-job-worker-count
3
-background-job-worker-count
8
-asset-garbage-collectors
1
Successfully changed project path to: /Users/leeroivillamiel/ARVRDEV_Courseware
/Users/leeroivillamiel/ARVRDEV_Courseware
[UnityMemory] Configuration Parameters - Can be set up in boot.config
    "memorysetup-bucket-allocator-granularity=16"
    "memorysetup-bucket-allocator-bucket-count=8"
    "memorysetup-bucket-allocator-block-size=33554432"
    "memorysetup-bucket-allocator-block-count=8"
    "memorysetup-main-allocator-block-size=16777216"
    "memorysetup-thread-allocator-block-size=16777216"
    "memorysetup-gfx-main-allocator-block-size=16777216"
    "memorysetup-gfx-thread-allocator-block-size=16777216"
    "memorysetup-cache-allocator-block-size=4194304"
    "memorysetup-typetree-allocator-block-size=2097152"
    "memorysetup-profiler-bucket-allocator-granularity=16"
    "memorysetup-profiler-bucket-allocator-bucket-count=8"
    "memorysetup-profiler-bucket-allocator-block-size=33554432"
    "memorysetup-profiler-bucket-allocator-block-count=8"
    "memorysetup-profiler-allocator-block-size=16777216"
    "memorysetup-profiler-editor-allocator-block-size=1048576"
    "memorysetup-temp-allocator-size-main=16777216"
    "memorysetup-job-temp-allocator-block-size=2097152"
    "memorysetup-job-temp-allocator-block-size-background=1048576"
    "memorysetup-job-temp-allocator-reduction-small-platforms=262144"
    "memorysetup-allocator-temp-initial-block-size-main=262144"
    "memorysetup-allocator-temp-initial-block-size-worker=262144"
    "memorysetup-temp-allocator-size-background-worker=32768"
    "memorysetup-temp-allocator-size-job-worker=262144"
    "memorysetup-temp-allocator-size-preload-manager=33554432"
    "memorysetup-temp-allocator-size-nav-mesh-worker=65536"
    "memorysetup-temp-allocator-size-audio-worker=65536"
    "memorysetup-temp-allocator-size-cloud-worker=32768"
    "memorysetup-temp-allocator-size-gi-baking-worker=262144"
    "memorysetup-temp-allocator-size-gi-baking-worker=262144"
    "memorysetup-temp-allocator-size-gi-baking-worker=262144"
    "memorysetup-temp-allocator-size-gi-baking-worker=262144"
    "memorysetup-temp-allocator-size-gfx=262144"
Player connection [8140215040] Host "[IP] 10.117.13.44 [Port] 0 [Flags] 2 [Guid] 502232247 [EditorId] 502232247 [Version] 1048832 [Id] OSXEditor(0,LV-MacBook-Air.local) [Debug] 1 [PackageName] OSXEditor [ProjectName] Editor" joined multi-casting on [225.0.0.222:54997]...
Player connection [8140215040] Host "[IP] 10.117.13.44 [Port] 0 [Flags] 2 [Guid] 502232247 [EditorId] 502232247 [Version] 1048832 [Id] OSXEditor(0,LV-MacBook-Air.local) [Debug] 1 [PackageName] OSXEditor [ProjectName] Editor" joined alternative multi-casting on [225.0.0.222:34997]...
JobSystem: Creating JobQueue using job-worker-count value 3
[Physics::Module] Initialized MultithreadedJobDispatcher with 3 workers.
Library Redirect Path: Library/
Refreshing native plugins compatible for Editor in 19.45 ms, found 12 plugins.
Preloading 4 native plugins for Editor in 59.26 ms.
Initialize engine version: 2023.2.16f1 (7f45223012db)
[Subsystems] Discovering subsystems at path /Applications/Unity/Hub/Editor/2023.2.16f1/Unity.app/Contents/Resources/UnitySubsystems
[Subsystems] Discovering subsystems at path /Users/leeroivillamiel/ARVRDEV_Courseware/Assets
GfxDevice: creating device client; kGfxThreadingModeNonThreaded
 preferred device: Apple M2 (high power)
Metal devices available: 1
0: Apple M2 (high power)
Using device Apple M2 (high power)
Initializing Metal device caps: Apple M2
Initialize mono
Mono path[0] = '/Applications/Unity/Hub/Editor/2023.2.16f1/Unity.app/Contents/Managed'
Mono path[1] = '/Applications/Unity/Hub/Editor/2023.2.16f1/Unity.app/Contents/MonoBleedingEdge/lib/mono/unityjit-macos'
Mono config path = '/Applications/Unity/Hub/Editor/2023.2.16f1/Unity.app/Contents/MonoBleedingEdge/etc'
Using monoOptions --debugger-agent=transport=dt_socket,embedding=1,server=y,suspend=n,address=127.0.0.1:56454
Begin MonoManager ReloadAssembly
icall.c:1842:
icall.c:1842:
icall.c:1842:
icall.c:1842:
icall.c:1842:
icall.c:1842:
icall.c:1842:
icall.c:1842:
icall.c:1842:
icall.c:1842:
Registering precompiled unity dll's ...
Register platform support module: /Applications/Unity/Hub/Editor/2023.2.16f1/Unity.app/Contents/PlaybackEngines/MacStandaloneSupport/UnityEditor.OSXStandalone.Extensions.dll
Register platform support module: /Applications/Unity/Hub/Editor/2023.2.16f1/PlaybackEngines/WindowsStandaloneSupport/UnityEditor.WindowsStandalone.Extensions.dll
Register platform support module: /Applications/Unity/Hub/Editor/2023.2.16f1/PlaybackEngines/AndroidPlayer/UnityEditor.Android.Extensions.dll
Registered in 0.005457 seconds.
- Loaded All Assemblies, in  0.397 seconds
Native extension for Android target not found
Android Extension - Scanning For ADB Devices 240 ms
Native extension for WindowsStandalone target not found
Native extension for OSXStandalone target not found
Mono: successfully reloaded assembly
icall.c:1842:
icall.c:1842:
- Finished resetting the current domain, in  0.524 seconds
Domain Reload Profiling: 922ms
	BeginReloadAssembly (146ms)
		ExecutionOrderSort (0ms)
		DisableScriptedObjects (0ms)
		BackupInstance (0ms)
		ReleaseScriptingObjects (0ms)
		CreateAndSetChildDomain (2ms)
	RebuildCommonClasses (35ms)
	RebuildNativeTypeToScriptingClass (11ms)
	initialDomainReloadingComplete (47ms)
	LoadAllAssembliesAndSetupDomain (159ms)
		LoadAssemblies (147ms)
		RebuildTransferFunctionScriptingTraits (0ms)
		AnalyzeDomain (155ms)
			TypeCache.Refresh (153ms)
				TypeCache.ScanAssembly (140ms)
			BuildScriptInfoCaches (0ms)
			ResolveRequiredComponents (1ms)
	FinalizeReload (524ms)
		ReleaseScriptCaches (0ms)
		RebuildScriptCaches (0ms)
		SetupLoadedEditorAssemblies (483ms)
			LogAssemblyErrors (0ms)
			InitializePlatformSupportModulesInManaged (344ms)
			SetLoadedEditorAssemblies (4ms)
			BeforeProcessingInitializeOnLoad (3ms)
			ProcessInitializeOnLoadAttributes (96ms)
			ProcessInitializeOnLoadMethodAttributes (36ms)
			AfterProcessingInitializeOnLoad (0ms)
			EditorAssembliesLoaded (0ms)
		ExecutionOrderSort2 (0ms)
		AwakeInstancesAfterBackupRestoration (0ms)
========================================================================
Worker process is ready to serve import requests
Import Worker Mode flag is 0x00
Begin MonoManager ReloadAssembly
icall.c:1842:
icall.c:1842:
icall.c:1842:
icall.c:1842:
icall.c:1842:
icall.c:1842:
icall.c:1842:
icall.c:1842:
icall.c:1842:
icall.c:1842:
icall.c:1842:
icall.c:1842:
Symbol file LoadedFromMemory is not a mono symbol file
- Loaded All Assemblies, in  0.846 seconds
'Packages/com.unity.xr.openxr/Runtime/OpenXRLoader.cs' contains partial class of Unity.Object, exactly 1 of the partial classes needs to be in a file with the same filename. This is to know the one that can be referenced from ie. GameObjects
'Packages/com.unity.xr.openxr/Runtime/OpenXRLoaderInternal.cs' contains partial class of Unity.Object, exactly 1 of the partial classes needs to be in a file with the same filename. This is to know the one that can be referenced from ie. GameObjects
icall.c:1842:
Refreshing native plugins compatible for Editor in 2.77 ms, found 12 plugins.
icall.c:1842:
Native extension for Android target not found
Native extension for WindowsStandalone target not found
Native extension for OSXStandalone target not found
Refreshing native plugins compatible for Editor in 5.37 ms, found 12 plugins.
Package Manager log level set to [2]
[Package Manager] Failed to launch server process. Reason: Unity was launched with the -noUpm command-line argument
[Package Manager] Unable to send message (not connected to server process).
[Package Manager] Cannot connect to Unity Package Manager local server
Mono: successfully reloaded assembly
[Package Manager] Failed to launch server process. Reason: Unity was launched with the -noUpm command-line argument
[Package Manager] Unable to send message (not connected to server process).
[Package Manager] Cannot connect to Unity Package Manager local server
[Package Manager] Failed to launch server process. Reason: Unity was launched with the -noUpm command-line argument
[Package Manager] Unable to send message (not connected to server process).
[Package Manager] Cannot connect to Unity Package Manager local server
- Finished resetting the current domain, in  0.684 seconds
Domain Reload Profiling: 1530ms
	BeginReloadAssembly (241ms)
		ExecutionOrderSort (0ms)
		DisableScriptedObjects (3ms)
		BackupInstance (0ms)
		ReleaseScriptingObjects (0ms)
		CreateAndSetChildDomain (40ms)
	RebuildCommonClasses (27ms)
	RebuildNativeTypeToScriptingClass (10ms)
	initialDomainReloadingComplete (18ms)
	LoadAllAssembliesAndSetupDomain (550ms)
		LoadAssemblies (420ms)
		RebuildTransferFunctionScriptingTraits (0ms)
		AnalyzeDomain (173ms)
			TypeCache.Refresh (150ms)
				TypeCache.ScanAssembly (124ms)
			BuildScriptInfoCaches (17ms)
			ResolveRequiredComponents (4ms)
	FinalizeReload (684ms)
		ReleaseScriptCaches (0ms)
		RebuildScriptCaches (0ms)
		SetupLoadedEditorAssemblies (526ms)
			LogAssemblyErrors (0ms)
			InitializePlatformSupportModulesInManaged (11ms)
			SetLoadedEditorAssemblies (2ms)
			BeforeProcessingInitializeOnLoad (28ms)
			ProcessInitializeOnLoadAttributes (403ms)
			ProcessInitializeOnLoadMethodAttributes (81ms)
			AfterProcessingInitializeOnLoad (0ms)
			EditorAssembliesLoaded (0ms)
		ExecutionOrderSort2 (0ms)
		AwakeInstancesAfterBackupRestoration (3ms)
Launching external process: /Applications/Unity/Hub/Editor/2023.2.16f1/Unity.app/Contents/Tools/UnityShaderCompiler
Launched and connected shader compiler UnityShaderCompiler after 0.09 seconds
Refreshing native plugins compatible for Editor in 3.13 ms, found 12 plugins.
Preloading 4 native plugins for Editor in 4.91 ms.
Unloading 72 Unused Serialized files (Serialized files now loaded: 0)
Unloading 3475 unused Assets / (1.0 MB). Loaded Objects now: 4168.
Memory consumption went from 147.7 MB to 146.7 MB.
Total: 7.203875 ms (FindLiveObjects: 0.494292 ms CreateObjectMapping: 0.296084 ms MarkObjects: 5.230959 ms  DeleteObjects: 1.181917 ms)

========================================================================
Received Import Request.
  Time since last request: 44626.236006 seconds.
  path: Assets/Imported/WhiteCity
  artifactKey: Guid(67a111576367cd546bf1bcc288974cd9) Importer(815301076,1909f56bfc062723c751e8b465ee728b)
Start importing Assets/Imported/WhiteCity using Guid(67a111576367cd546bf1bcc288974cd9) Importer(815301076,1909f56bfc062723c751e8b465ee728b) (PreviewImporter) -> (artifact id: '249bc2f62c2b38f5c5c58e0fd936af3b') in 0.048403375 seconds
Number of updated asset objects reloaded before import = 0Number of asset objects unloaded after import = 0

========================================================================
Received Import Request.
  Time since last request: 0.569688 seconds.
  path: Assets/Imported/WhiteCity/Textures
  artifactKey: Guid(c0ae8039715e97240a79dcce36469e1d) Importer(815301076,1909f56bfc062723c751e8b465ee728b)
Start importing Assets/Imported/WhiteCity/Textures using Guid(c0ae8039715e97240a79dcce36469e1d) Importer(815301076,1909f56bfc062723c751e8b465ee728b) (PreviewImporter) -> (artifact id: '626b14b96f60d9845b836480db3aa032') in 0.000387291 seconds
Number of updated asset objects reloaded before import = 0Number of asset objects unloaded after import = 0

========================================================================
Received Import Request.
  Time since last request: 0.066239 seconds.
  path: Assets/Imported/WhiteCity/Textures/Wall.png
  artifactKey: Guid(339a9f1f77ad1c947ac4998979e046f7) Importer(815301076,1909f56bfc062723c751e8b465ee728b)
Start importing Assets/Imported/WhiteCity/Textures/Wall.png using Guid(339a9f1f77ad1c947ac4998979e046f7) Importer(815301076,1909f56bfc062723c751e8b465ee728b) (PreviewImporter) -> (artifact id: 'caabbb1c138f02ea055004ce9c4c2da8') in 0.151104542 seconds
Number of updated asset objects reloaded before import = 0Number of asset objects unloaded after import = 2

========================================================================
Received Import Request.
  Time since last request: 0.726352 seconds.
  path: Assets/Imported/WhiteCity/Textures/Buildings
  artifactKey: Guid(f38067aea2883b54a99335fa01b22ac5) Importer(815301076,1909f56bfc062723c751e8b465ee728b)
Start importing Assets/Imported/WhiteCity/Textures/Buildings using Guid(f38067aea2883b54a99335fa01b22ac5) Importer(815301076,1909f56bfc062723c751e8b465ee728b) (PreviewImporter) -> (artifact id: 'cd36a41bad0321881b484a44c296a890') in 0.000319083 seconds
Number of updated asset objects reloaded before import = 0Number of asset objects unloaded after import = 0

========================================================================
Received Import Request.
  Time since last request: 0.031613 seconds.
  path: Assets/Imported/WhiteCity/Textures/Buildings/2.png
  artifactKey: Guid(d10fb6cc192a4f44cb942be9af8cf658) Importer(815301076,1909f56bfc062723c751e8b465ee728b)
Start importing Assets/Imported/WhiteCity/Textures/Buildings/2.png using Guid(d10fb6cc192a4f44cb942be9af8cf658) Importer(815301076,1909f56bfc062723c751e8b465ee728b) (PreviewImporter) -> (artifact id: '15eed793aa5ea633e315009885cd7a63') in 0.003806167 seconds
Number of updated asset objects reloaded before import = 0Number of asset objects unloaded after import = 2

========================================================================
Received Import Request.
  Time since last request: 0.000772 seconds.
  path: Assets/Imported/WhiteCity/Textures/Buildings/6.png
  artifactKey: Guid(da98ef60dfdef9148a861d729a3609c9) Importer(815301076,1909f56bfc062723c751e8b465ee728b)
Start importing Assets/Imported/WhiteCity/Textures/Buildings/6.png using Guid(da98ef60dfdef9148a861d729a3609c9) Importer(815301076,1909f56bfc062723c751e8b465ee728b) (PreviewImporter) -> (artifact id: '2150dc49f3d44f1946983e89dedbfc4a') in 0.003170083 seconds
Number of updated asset objects reloaded before import = 0Number of asset objects unloaded after import = 2

========================================================================
Received Import Request.
  Time since last request: 0.000254 seconds.
  path: Assets/Imported/WhiteCity/Textures/Buildings/8.png
  artifactKey: Guid(ba852b59c6ae3a74da474c5f4ad1935e) Importer(815301076,1909f56bfc062723c751e8b465ee728b)
Start importing Assets/Imported/WhiteCity/Textures/Buildings/8.png using Guid(ba852b59c6ae3a74da474c5f4ad1935e) Importer(815301076,1909f56bfc062723c751e8b465ee728b) (PreviewImporter) -> (artifact id: 'e13f268af19b9b1e3537e9b157ea84ad') in 0.003944625 seconds
Number of updated asset objects reloaded before import = 0Number of asset objects unloaded after import = 2

========================================================================
Received Import Request.
  Time since last request: 0.000142 seconds.
  path: Assets/Imported/WhiteCity/Textures/Buildings/9.png
  artifactKey: Guid(737a61236509b1a44a4de3627b7b03d6) Importer(815301076,1909f56bfc062723c751e8b465ee728b)
Start importing Assets/Imported/WhiteCity/Textures/Buildings/9.png using Guid(737a61236509b1a44a4de3627b7b03d6) Importer(815301076,1909f56bfc062723c751e8b465ee728b) (PreviewImporter) -> (artifact id: '43eab717d824df8a7038ba03ca60aa00') in 0.003319625 seconds
Number of updated asset objects reloaded before import = 0Number of asset objects unloaded after import = 2

========================================================================
Received Import Request.
  Time since last request: 0.000107 seconds.
  path: Assets/Imported/WhiteCity/Textures/Buildings/7.png
  artifactKey: Guid(291a8d39e3e4e374b82831225464867d) Importer(815301076,1909f56bfc062723c751e8b465ee728b)
Start importing Assets/Imported/WhiteCity/Textures/Buildings/7.png using Guid(291a8d39e3e4e374b82831225464867d) Importer(815301076,1909f56bfc062723c751e8b465ee728b) (PreviewImporter) -> (artifact id: '89946bde5d390bd2e34e8e6a5c6d0b97') in 0.003043 seconds
Number of updated asset objects reloaded before import = 0Number of asset objects unloaded after import = 2

========================================================================
Received Import Request.
  Time since last request: 0.000113 seconds.
  path: Assets/Imported/WhiteCity/Textures/Buildings/5.png
  artifactKey: Guid(449d38dc743aea44eb0b79bb4d3912c3) Importer(815301076,1909f56bfc062723c751e8b465ee728b)
Start importing Assets/Imported/WhiteCity/Textures/Buildings/5.png using Guid(449d38dc743aea44eb0b79bb4d3912c3) Importer(815301076,1909f56bfc062723c751e8b465ee728b) (PreviewImporter) -> (artifact id: '3dde9b78f67591fcf91db2728c43bce1') in 0.002764209 seconds
Number of updated asset objects reloaded before import = 0Number of asset objects unloaded after import = 2

========================================================================
Received Import Request.
  Time since last request: 0.000161 seconds.
  path: Assets/Imported/WhiteCity/Textures/Buildings/4.png
  artifactKey: Guid(36f575e8b20145d4a8f00baf4f8a22b3) Importer(815301076,1909f56bfc062723c751e8b465ee728b)
Start importing Assets/Imported/WhiteCity/Textures/Buildings/4.png using Guid(36f575e8b20145d4a8f00baf4f8a22b3) Importer(815301076,1909f56bfc062723c751e8b465ee728b) (PreviewImporter) -> (artifact id: '986d6f870a3f765a5d16a30d5e434a85') in 0.004250208 seconds
Number of updated asset objects reloaded before import = 0Number of asset objects unloaded after import = 2

========================================================================
Received Import Request.
  Time since last request: 11.168907 seconds.
  path: Assets/Imported/WhiteCity/Prefabs
  artifactKey: Guid(8db2e67966e6ffe4ab303900b15f86a2) Importer(815301076,1909f56bfc062723c751e8b465ee728b)
Start importing Assets/Imported/WhiteCity/Prefabs using Guid(8db2e67966e6ffe4ab303900b15f86a2) Importer(815301076,1909f56bfc062723c751e8b465ee728b) (PreviewImporter) -> (artifact id: '72eaec2922e30c18f8381871718df8c2') in 0.002022916 seconds
Number of updated asset objects reloaded before import = 0Number of asset objects unloaded after import = 0

========================================================================
Received Import Request.
  Time since last request: 0.826207 seconds.
  path: Assets/Imported/WhiteCity/Prefabs/Buildings
  artifactKey: Guid(2682b994974452d4394e541983fa7e1f) Importer(815301076,1909f56bfc062723c751e8b465ee728b)
Start importing Assets/Imported/WhiteCity/Prefabs/Buildings using Guid(2682b994974452d4394e541983fa7e1f) Importer(815301076,1909f56bfc062723c751e8b465ee728b) (PreviewImporter) -> (artifact id: 'cc197890a69202abc6ea34b6a4d795d1') in 0.000322584 seconds
Number of updated asset objects reloaded before import = 0Number of asset objects unloaded after import = 0

========================================================================
Received Import Request.
  Time since last request: 0.068062 seconds.
  path: Assets/Imported/WhiteCity/Prefabs/Buildings/2.prefab
  artifactKey: Guid(3a043cf95d828e44da52277a60eb137b) Importer(815301076,1909f56bfc062723c751e8b465ee728b)
Start importing Assets/Imported/WhiteCity/Prefabs/Buildings/2.prefab using Guid(3a043cf95d828e44da52277a60eb137b) Importer(815301076,1909f56bfc062723c751e8b465ee728b) (PreviewImporter) -> (artifact id: '79d1d48274317ad61ae353684b1943ec') in 0.19495525 seconds
Number of updated asset objects reloaded before import = 0Number of asset objects unloaded after import = 10

========================================================================
Received Import Request.
  Time since last request: 0.006248 seconds.
  path: Assets/Imported/WhiteCity/Prefabs/Buildings/14.prefab
  artifactKey: Guid(6e52f6e5c549dca4381c78a24c505338) Importer(815301076,1909f56bfc062723c751e8b465ee728b)
Start importing Assets/Imported/WhiteCity/Prefabs/Buildings/14.prefab using Guid(6e52f6e5c549dca4381c78a24c505338) Importer(815301076,1909f56bfc062723c751e8b465ee728b) (PreviewImporter) -> (artifact id: 'a5b3b8181a97ce17625a9276ebbb2685') in 0.053739416 seconds
Number of updated asset objects reloaded before import = 0Number of asset objects unloaded after import = 10

